<?xml version="1.0" encoding="UTF-8"?>
<!-- Generated by org.testng.reporters.JUnitXMLReporter -->
<testsuite ignored="0" hostname="DESKTOP-UJ6Q63H" failures="0" tests="4" name="Test-4" time="158.403" errors="0" timestamp="2025-07-13T16:15:46 IST">
  <testcase classname="com.bstack.elpais.testcases.ScrapeOpinionArticlesTest" name="scrapeArticlesFromOpinion" time="55.458"/>
  <testcase classname="com.bstack.elpais.testcases.ScrapeOpinionArticlesTest" name="translateArticleHeaders" time="23.614"/>
  <testcase classname="com.bstack.elpais.testcases.ScrapeOpinionArticlesTest" name="analyzeTranslatedHeaders" time="0.652"/>
  <testcase classname="com.bstack.elpais.testcases.CheckSpanishTest" name="checkSpanishLanguage" time="16.284"/>
</testsuite> <!-- Test-4 -->
