<?xml version="1.0" encoding="UTF-8"?>
<!-- Generated by org.testng.reporters.JUnitReportReporter -->
<testsuite hostname="DESKTOP-UJ6Q63H" failures="0" tests="15" name="com.bstack.elpais.testcases.ScrapeOpinionArticlesTest" time="338.417" errors="0" timestamp="2025-07-13T16:15:46 IST" skipped="0">
  <testcase classname="com.bstack.elpais.testcases.ScrapeOpinionArticlesTest" name="scrapeArticlesFromOpinion" time="41.544"/>
  <testcase classname="com.bstack.elpais.testcases.ScrapeOpinionArticlesTest" name="scrapeArticlesFromOpinion" time="45.964"/>
  <testcase classname="com.bstack.elpais.testcases.ScrapeOpinionArticlesTest" name="scrapeArticlesFromOpinion" time="55.458"/>
  <testcase classname="com.bstack.elpais.testcases.ScrapeOpinionArticlesTest" name="scrapeArticlesFromOpinion" time="40.748"/>
  <testcase classname="com.bstack.elpais.testcases.ScrapeOpinionArticlesTest" name="scrapeArticlesFromOpinion" time="40.977"/>
  <testcase classname="com.bstack.elpais.testcases.ScrapeOpinionArticlesTest" name="translateArticleHeaders" time="23.976"/>
  <testcase classname="com.bstack.elpais.testcases.ScrapeOpinionArticlesTest" name="translateArticleHeaders" time="20.100"/>
  <testcase classname="com.bstack.elpais.testcases.ScrapeOpinionArticlesTest" name="translateArticleHeaders" time="21.110"/>
  <testcase classname="com.bstack.elpais.testcases.ScrapeOpinionArticlesTest" name="translateArticleHeaders" time="22.477"/>
  <testcase classname="com.bstack.elpais.testcases.ScrapeOpinionArticlesTest" name="translateArticleHeaders" time="23.614"/>
  <testcase classname="com.bstack.elpais.testcases.ScrapeOpinionArticlesTest" name="analyzeTranslatedHeaders" time="0.652"/>
  <testcase classname="com.bstack.elpais.testcases.ScrapeOpinionArticlesTest" name="analyzeTranslatedHeaders" time="0.654"/>
  <testcase classname="com.bstack.elpais.testcases.ScrapeOpinionArticlesTest" name="analyzeTranslatedHeaders" time="0.416"/>
  <testcase classname="com.bstack.elpais.testcases.ScrapeOpinionArticlesTest" name="analyzeTranslatedHeaders" time="0.137"/>
  <testcase classname="com.bstack.elpais.testcases.ScrapeOpinionArticlesTest" name="analyzeTranslatedHeaders" time="0.590"/>
</testsuite> <!-- com.bstack.elpais.testcases.ScrapeOpinionArticlesTest -->
