<?xml version="1.0" encoding="UTF-8"?>
<!-- Generated by org.testng.reporters.JUnitReportReporter -->
<testsuite hostname="DESKTOP-UJ6Q63H" failures="0" tests="15" name="com.bstack.elpais.testcases.ScrapeOpinionArticlesTest" time="333.626" errors="0" timestamp="2025-07-13T17:11:39 IST" skipped="0">
  <testcase classname="com.bstack.elpais.testcases.ScrapeOpinionArticlesTest" name="scrapeArticlesFromOpinion" time="40.106"/>
  <testcase classname="com.bstack.elpais.testcases.ScrapeOpinionArticlesTest" name="scrapeArticlesFromOpinion" time="56.736"/>
  <testcase classname="com.bstack.elpais.testcases.ScrapeOpinionArticlesTest" name="scrapeArticlesFromOpinion" time="41.496"/>
  <testcase classname="com.bstack.elpais.testcases.ScrapeOpinionArticlesTest" name="scrapeArticlesFromOpinion" time="45.366"/>
  <testcase classname="com.bstack.elpais.testcases.ScrapeOpinionArticlesTest" name="scrapeArticlesFromOpinion" time="41.206"/>
  <testcase classname="com.bstack.elpais.testcases.ScrapeOpinionArticlesTest" name="translateArticleHeaders" time="22.533"/>
  <testcase classname="com.bstack.elpais.testcases.ScrapeOpinionArticlesTest" name="translateArticleHeaders" time="21.626"/>
  <testcase classname="com.bstack.elpais.testcases.ScrapeOpinionArticlesTest" name="translateArticleHeaders" time="22.646"/>
  <testcase classname="com.bstack.elpais.testcases.ScrapeOpinionArticlesTest" name="translateArticleHeaders" time="21.550"/>
  <testcase classname="com.bstack.elpais.testcases.ScrapeOpinionArticlesTest" name="translateArticleHeaders" time="18.798"/>
  <testcase classname="com.bstack.elpais.testcases.ScrapeOpinionArticlesTest" name="analyzeTranslatedHeaders" time="0.579"/>
  <testcase classname="com.bstack.elpais.testcases.ScrapeOpinionArticlesTest" name="analyzeTranslatedHeaders" time="0.187"/>
  <testcase classname="com.bstack.elpais.testcases.ScrapeOpinionArticlesTest" name="analyzeTranslatedHeaders" time="0.511"/>
  <testcase classname="com.bstack.elpais.testcases.ScrapeOpinionArticlesTest" name="analyzeTranslatedHeaders" time="0.106"/>
  <testcase classname="com.bstack.elpais.testcases.ScrapeOpinionArticlesTest" name="analyzeTranslatedHeaders" time="0.180"/>
</testsuite> <!-- com.bstack.elpais.testcases.ScrapeOpinionArticlesTest -->
