<?xml version="1.0" encoding="UTF-8"?>
<!-- Generated by org.testng.reporters.JUnitReportReporter -->
<testsuite hostname="DESKTOP-UJ6Q63H" failures="0" tests="3" name="com.bstack.elpais.testcases.ScrapeOpinionArticles" time="124.817" errors="0" timestamp="2025-07-12T20:07:49 IST" skipped="0">
  <testcase classname="com.bstack.elpais.testcases.ScrapeOpinionArticles" name="scrapeArticlesFromOpinion" time="40.782"/>
  <testcase classname="com.bstack.elpais.testcases.ScrapeOpinionArticles" name="scrapeArticlesFromOpinion" time="41.331"/>
  <testcase classname="com.bstack.elpais.testcases.ScrapeOpinionArticles" name="scrapeArticlesFromOpinion" time="42.704"/>
</testsuite> <!-- com.bstack.elpais.testcases.ScrapeOpinionArticles -->
