<?xml version="1.0" encoding="UTF-8"?>
<!-- Generated by org.testng.reporters.JUnitReportReporter -->
<testsuite hostname="DESKTOP-UJ6Q63H" failures="0" tests="1" name="com.bstack.elpais.testcases.TranslateArticleHeadersTest" time="20.498" errors="0" timestamp="2025-07-12T20:57:57 IST" skipped="0">
  <testcase classname="com.bstack.elpais.testcases.TranslateArticleHeadersTest" name="translateArticleHeaders" time="20.498"/>
</testsuite> <!-- com.bstack.elpais.testcases.TranslateArticleHeadersTest -->
