<?xml version="1.0" encoding="UTF-8"?>
<!-- Generated by org.testng.reporters.JUnitReportReporter -->
<testsuite hostname="DESKTOP-UJ6Q63H" failures="0" tests="5" name="com.bstack.elpais.testcases.CheckSpanishTest" time="40.847" errors="0" timestamp="2025-07-13T16:15:46 IST" skipped="0">
  <testcase classname="com.bstack.elpais.testcases.CheckSpanishTest" name="checkSpanishLanguage" time="6.111"/>
  <testcase classname="com.bstack.elpais.testcases.CheckSpanishTest" name="checkSpanishLanguage" time="16.284"/>
  <testcase classname="com.bstack.elpais.testcases.CheckSpanishTest" name="checkSpanishLanguage" time="5.832"/>
  <testcase classname="com.bstack.elpais.testcases.CheckSpanishTest" name="checkSpanishLanguage" time="4.860"/>
  <testcase classname="com.bstack.elpais.testcases.CheckSpanishTest" name="checkSpanishLanguage" time="7.760"/>
</testsuite> <!-- com.bstack.elpais.testcases.CheckSpanishTest -->
