<?xml version="1.0" encoding="UTF-8"?>
<!-- Generated by org.testng.reporters.JUnitReportReporter -->
<testsuite hostname="DESKTOP-UJ6Q63H" failures="0" tests="5" name="com.bstack.elpais.testcases.CheckSpanishTest" time="42.475" errors="0" timestamp="2025-07-13T17:11:39 IST" skipped="0">
  <testcase classname="com.bstack.elpais.testcases.CheckSpanishTest" name="checkSpanishLanguage" time="6.044"/>
  <testcase classname="com.bstack.elpais.testcases.CheckSpanishTest" name="checkSpanishLanguage" time="6.190"/>
  <testcase classname="com.bstack.elpais.testcases.CheckSpanishTest" name="checkSpanishLanguage" time="6.401"/>
  <testcase classname="com.bstack.elpais.testcases.CheckSpanishTest" name="checkSpanishLanguage" time="18.330"/>
  <testcase classname="com.bstack.elpais.testcases.CheckSpanishTest" name="checkSpanishLanguage" time="5.510"/>
</testsuite> <!-- com.bstack.elpais.testcases.CheckSpanishTest -->
